Build started 5/07/2018 10:26:38 PM.
     1>Project "E:\PrivateProjects\I2NetWorks\I2NetWorks\I2NetWorks.vcxproj" on node 2 (Build target(s)).
     1>ClCompile:
         C:\Program Files\Microsoft Visual Studio 11.0\VC\bin\CL.exe /c /ZI /nologo /W3 /WX- /Od /Oy- /D _WINDLL /D _MBCS /Gm /EHsc /RTC1 /MDd /GS /fp:precise /Zc:wchar_t /Zc:forScope /Fo"Debug\\" /Fd"Debug\vc110.pdb" /Gd /TP /analyze- /errorReport:prompt AccessSecurityManager.cpp Dispatcher.cpp ErrorHandler.cpp GeneralUtility.cpp InterCommuncationPdu.cpp Logger.cpp MessageProcessUnit.cpp SNMPCoreEngine.cpp
         SNMPCoreEngine.cpp
         MessageProcessUnit.cpp
         Logger.cpp
         InterCommuncationPdu.cpp
         GeneralUtility.cpp
         ErrorHandler.cpp
         Dispatcher.cpp
         AccessSecurityManager.cpp
         Generating Code...
       Link:
         C:\Program Files\Microsoft Visual Studio 11.0\VC\bin\link.exe /ERRORREPORT:PROMPT /OUT:"E:\PrivateProjects\I2NetWorks\Debug\I2NetWorkSNMP.dll" /INCREMENTAL /NOLOGO kernel32.lib user32.lib gdi32.lib winspool.lib comdlg32.lib advapi32.lib shell32.lib ole32.lib oleaut32.lib uuid.lib odbc32.lib odbccp32.lib /MANIFEST /MANIFESTUAC:"level='asInvoker' uiAccess='false'" /manifest:embed /DEBUG /PDB:"E:\PrivateProjects\I2NetWorks\Debug\I2NetWorkSNMP.pdb" /TLBID:1 /DYNAMICBASE /NXCOMPAT /IMPLIB:"E:\PrivateProjects\I2NetWorks\Debug\I2NetWorkSNMP.lib" /MACHINE:X86 /DLL Debug\AccessSecurityManager.obj
         Debug\Dispatcher.obj
         Debug\ErrorHandler.obj
         Debug\GeneralUtility.obj
         Debug\InterCommuncationPdu.obj
         Debug\Logger.obj
         Debug\MessageProcessUnit.obj
         Debug\SNMPCoreEngine.obj
         I2NetWorks.vcxproj -> E:\PrivateProjects\I2NetWorks\Debug\I2NetWorkSNMP.dll
     1>Done Building Project "E:\PrivateProjects\I2NetWorks\I2NetWorks\I2NetWorks.vcxproj" (Build target(s)).

Build succeeded.

Time Elapsed 00:00:05.94
